<?xml version="1.0" encoding="UTF-8"?>
<!-- Generated by org.testng.reporters.JUnitReportReporter -->
<testsuite hostname="Abhishek" failures="0" tests="6" name="testlayer.LoginTestClass" time="29.844" errors="0" timestamp="2023-06-22T11:21:13 EDT" skipped="0">
  <testcase classname="testlayer.LoginTestClass" name="titlemethod" time="3.657"/>
  <system-out/>
  <testcase classname="testlayer.LoginTestClass" name="loginmethod" time="4.967"/>
  <system-out/>
  <testcase classname="testlayer.LoginTestClass" name="loginmethod" time="5.865"/>
  <system-out/>
  <testcase classname="testlayer.LoginTestClass" name="loginmethod" time="5.066"/>
  <system-out/>
  <testcase classname="testlayer.LoginTestClass" name="loginmethod" time="5.114"/>
  <system-out/>
  <testcase classname="testlayer.LoginTestClass" name="loginmethod" time="5.175"/>
  <system-out/>
</testsuite> <!-- testlayer.LoginTestClass -->
